<?xml version="1.0" encoding="UTF-8"?>
<testsuite xmlns:xsi="http://www.w3.org/2001/XMLSchema-instance" xsi:noNamespaceSchemaLocation="https://maven.apache.org/surefire/maven-surefire-plugin/xsd/surefire-test-report.xsd" name="user.RegistrationAuthorizationUpdateDeleteUserTest" time="3.077" tests="4" errors="0" skipped="0" failures="0">
  <properties>
[...]
</properties>
  <testcase name="registrationUserTest" classname="user.RegistrationAuthorizationUpdateDeleteUserTest" time="0.557"/>
  <testcase name="updateUserDataTest" classname="user.RegistrationAuthorizationUpdateDeleteUserTest" time="0.944"/>
  <testcase name="logInUserTest" classname="user.RegistrationAuthorizationUpdateDeleteUserTest" time="0.734"/>
  <testcase name="deleteUserTest" classname="user.RegistrationAuthorizationUpdateDeleteUserTest" time="0.814"/>
</testsuite>